#
# A fatal error has been detected by the Java Runtime Environment:
#
#  EXCEPTION_ACCESS_VIOLATION (0xc0000005) at pc=0x00007ff8e3e6c16a, pid=13976, tid=0x000000000000392c
#
# JRE version: Java(TM) SE Runtime Environment (8.0_151-b12) (build 1.8.0_151-b12)
# Java VM: Java HotSpot(TM) 64-Bit Server VM (25.151-b12 mixed mode windows-amd64 compressed oops)
# Problematic frame:
# C  [bulletjme.dll+0x2c16a]
#
# Failed to write core dump. Minidumps are not enabled by default on client versions of Windows
#
# If you would like to submit a bug report, please visit:
#   http://bugreport.java.com/bugreport/crash.jsp
# The crash happened outside the Java Virtual Machine in native code.
# See problematic frame for where to report the bug.
#

---------------  T H R E A D  ---------------

Current thread (0x0000000004e35000):  JavaThread "main" [_thread_in_native, id=14636, stack(0x0000000004b20000,0x0000000004c20000)]

siginfo: ExceptionCode=0xc0000005, reading address 0x0000000000000118

Registers:
RAX=0x0000000000000000, RBX=0x000000002f0ff8c0, RCX=0x0000000000000000, RDX=0x000000002f7dd050
RSP=0x0000000004c1d7f8, RBP=0x0000000004c1db90, RSI=0x0000000000000138, RDI=0x0000000004f3835d
R8 =0x000000002f7dd140, R9 =0x000000002b066250, R10=0x0000000002df1200, R11=0x0000000004c1d7a0
R12=0x0000000000000000, R13=0x000000002f0ff8c0, R14=0x0000000004c1dbd0, R15=0x0000000004e35000
RIP=0x00007ff8e3e6c16a, EFLAGS=0x0000000000010206

Top of Stack: (sp=0x0000000004c1d7f8)
0x0000000004c1d7f8:   00007ff8e3f937f3 0000000000000000
0x0000000004c1d808:   00000077d2752cd4 00000000220151c0
0x0000000004c1d818:   00007ff8e3e5f4a8 0000000000000001
0x0000000004c1d828:   00007ff8e3f936fc 0000000000000000
0x0000000004c1d838:   00007ff8e3f09a26 0000000029217ff8
0x0000000004c1d848:   0000000000000000 0000000000000002
0x0000000004c1d858:   00007ff800000005 0000000000000000
0x0000000004c1d868:   000000002afa3570 000000002b218810
0x0000000004c1d878:   00007ff8e3f080af 000000002ad041d0
0x0000000004c1d888:   000000002f7dd050 000000002f7dd140
0x0000000004c1d898:   000000002b066250 ffffffff00000000
0x0000000004c1d8a8:   0000000000000000 00000000e400af50
0x0000000004c1d8b8:   000000002ae988f0 0000000500000000
0x0000000004c1d8c8:   41d10f0200000000 0000000000000002
0x0000000004c1d8d8:   0000000000000000 00007ff8e400af50
0x0000000004c1d8e8:   000000002afa6480 0000000000000000 

Instructions: (pc=0x00007ff8e3e6c16a)
0x00007ff8e3e6c14a:   8b 44 24 30 48 83 c0 10 48 8b c8 e8 56 21 00 00
0x00007ff8e3e6c15a:   48 83 c4 28 c3 cc 48 89 4c 24 08 48 8b 44 24 08
0x00007ff8e3e6c16a:   8b 80 18 01 00 00 c3 cc cc cc cc cc cc cc cc cc
0x00007ff8e3e6c17a:   cc cc cc cc cc cc 48 89 4c 24 08 48 8b 44 24 08 


Register to memory mapping:

RAX=0x0000000000000000 is an unknown value
RBX={method} {0x000000002f0ff8c8} 'removeCharacterObject' '(JJ)V' in 'com/jme3/bullet/PhysicsSpace'
RCX=0x0000000000000000 is an unknown value
RDX=0x000000002f7dd050 is an unknown value
RSP=0x0000000004c1d7f8 is pointing into the stack for thread: 0x0000000004e35000
RBP=0x0000000004c1db90 is pointing into the stack for thread: 0x0000000004e35000
RSI=0x0000000000000138 is an unknown value
RDI=0x0000000004f3835d is at code_begin+2301 in an Interpreter codelet
invoke return entry points  [0x0000000004f37a60, 0x0000000004f38440]  2528 bytes
R8 =0x000000002f7dd140 is an unknown value
R9 =0x000000002b066250 is an unknown value
R10=0x0000000002df1200 is an unknown value
R11=0x0000000004c1d7a0 is pointing into the stack for thread: 0x0000000004e35000
R12=0x0000000000000000 is an unknown value
R13={method} {0x000000002f0ff8c8} 'removeCharacterObject' '(JJ)V' in 'com/jme3/bullet/PhysicsSpace'
R14=0x0000000004c1dbd0 is pointing into the stack for thread: 0x0000000004e35000
R15=0x0000000004e35000 is a thread


Stack: [0x0000000004b20000,0x0000000004c20000],  sp=0x0000000004c1d7f8,  free space=1013k
Native frames: (J=compiled Java code, j=interpreted, Vv=VM code, C=native code)
C  [bulletjme.dll+0x2c16a]

Java frames: (J=compiled Java code, j=interpreted, Vv=VM code)
j  com.jme3.bullet.PhysicsSpace.removeCharacterObject(JJ)V+0
j  com.jme3.bullet.PhysicsSpace.removeCharacter(Lcom/jme3/bullet/objects/PhysicsCharacter;)V+88
j  com.jme3.bullet.PhysicsSpace.removeCollisionObject(Lcom/jme3/bullet/collision/PhysicsCollisionObject;)V+48
j  com.jme3.bullet.control.CharacterControl.setPhysicsSpace(Lcom/jme3/bullet/PhysicsSpace;)V+16
j  com.ss.editor.extension.scene.app.state.impl.bullet.EditableBulletSceneAppState$2.visit(Lcom/jme3/scene/Spatial;)V+36
j  com.jme3.scene.Node.depthFirstTraversal(Lcom/jme3/scene/SceneGraphVisitor;Lcom/jme3/scene/Spatial$DFSMode;)V+52
j  com.jme3.scene.Spatial.depthFirstTraversal(Lcom/jme3/scene/SceneGraphVisitor;)V+5
j  com.jme3.scene.Node.depthFirstTraversal(Lcom/jme3/scene/SceneGraphVisitor;Lcom/jme3/scene/Spatial$DFSMode;)V+41
j  com.jme3.scene.Spatial.depthFirstTraversal(Lcom/jme3/scene/SceneGraphVisitor;)V+5
j  com.jme3.scene.Node.depthFirstTraversal(Lcom/jme3/scene/SceneGraphVisitor;Lcom/jme3/scene/Spatial$DFSMode;)V+41
j  com.jme3.scene.Spatial.depthFirstTraversal(Lcom/jme3/scene/SceneGraphVisitor;)V+5
j  com.jme3.scene.Node.depthFirstTraversal(Lcom/jme3/scene/SceneGraphVisitor;Lcom/jme3/scene/Spatial$DFSMode;)V+41
j  com.jme3.scene.Spatial.depthFirstTraversal(Lcom/jme3/scene/SceneGraphVisitor;)V+5
j  com.ss.editor.extension.scene.app.state.impl.bullet.EditableBulletSceneAppState.updateNode(Lcom/jme3/scene/Spatial;Lcom/jme3/bullet/PhysicsSpace;)V+10
j  com.ss.editor.extension.scene.app.state.impl.bullet.EditableBulletSceneAppState.cleanup()V+40
j  com.jme3.app.state.AppStateManager.cleanup()V+27
j  com.jme3.app.LegacyApplication.destroy()V+4
j  com.jme3.system.lwjgl.LwjglWindow.deinitInThread()V+4
j  com.jme3.system.lwjgl.LwjglWindow.run()V+91
j  com.jme3.system.lwjgl.LwjglWindow.create(Z)V+27
j  com.jme3.app.LegacyApplication.start(Lcom/jme3/system/JmeContext$Type;Z)V+92
j  com.jme3.app.LegacyApplication.start()V+5
j  com.jme3.app.SimpleApplication.start()V+51
j  com.game.plate.Starter.main([Ljava/lang/String;)V+59
v  ~StubRoutines::call_stub
j  sun.reflect.NativeMethodAccessorImpl.invoke0(Ljava/lang/reflect/Method;Ljava/lang/Object;[Ljava/lang/Object;)Ljava/lang/Object;+0
j  sun.reflect.NativeMethodAccessorImpl.invoke(Ljava/lang/Object;[Ljava/lang/Object;)Ljava/lang/Object;+100
j  sun.reflect.DelegatingMethodAccessorImpl.invoke(Ljava/lang/Object;[Ljava/lang/Object;)Ljava/lang/Object;+6
j  java.lang.reflect.Method.invoke(Ljava/lang/Object;[Ljava/lang/Object;)Ljava/lang/Object;+56
j  com.sun.javafx.application.LauncherImpl.launchApplicationWithArgs(Ljava/lang/String;Ljava/lang/String;[Ljava/lang/String;)V+154
j  com.sun.javafx.application.LauncherImpl.launchApplication(Ljava/lang/String;Ljava/lang/String;[Ljava/lang/String;)V+409
v  ~StubRoutines::call_stub
j  sun.reflect.NativeMethodAccessorImpl.invoke0(Ljava/lang/reflect/Method;Ljava/lang/Object;[Ljava/lang/Object;)Ljava/lang/Object;+0
j  sun.reflect.NativeMethodAccessorImpl.invoke(Ljava/lang/Object;[Ljava/lang/Object;)Ljava/lang/Object;+100
j  sun.reflect.DelegatingMethodAccessorImpl.invoke(Ljava/lang/Object;[Ljava/lang/Object;)Ljava/lang/Object;+6
j  java.lang.reflect.Method.invoke(Ljava/lang/Object;[Ljava/lang/Object;)Ljava/lang/Object;+56
j  sun.launcher.LauncherHelper$FXHelper.main([Ljava/lang/String;)V+52
v  ~StubRoutines::call_stub

---------------  P R O C E S S  ---------------

Java Threads: ( => current thread )
  0x0000000020e06000 JavaThread "Java2D Disposer" daemon [_thread_blocked, id=8756, stack(0x000000002ef00000,0x000000002f000000)]
  0x0000000020df5000 JavaThread "jME3 Audio Decoder" daemon [_thread_blocked, id=10816, stack(0x000000002ea00000,0x000000002eb00000)]
  0x0000000020dac800 JavaThread "Thread to free LWJGL byte buffers" daemon [_thread_blocked, id=9864, stack(0x000000002d830000,0x000000002d930000)]
  0x00000000208f5800 JavaThread "Thread-3" daemon [_thread_in_native, id=10996, stack(0x0000000028050000,0x0000000028150000)]
  0x00000000208ad000 JavaThread "JavaFX Application Thread" [_thread_in_native, id=12336, stack(0x0000000021d50000,0x0000000021e50000)]
  0x0000000020861000 JavaThread "Thread-1" daemon [_thread_blocked, id=14832, stack(0x0000000021c50000,0x0000000021d50000)]
  0x0000000020847800 JavaThread "QuantumRenderer-0" daemon [_thread_blocked, id=14496, stack(0x0000000021060000,0x0000000021160000)]
  0x000000001fece000 JavaThread "Service Thread" daemon [_thread_blocked, id=2340, stack(0x00000000204f0000,0x00000000205f0000)]
  0x000000001fec5000 JavaThread "C1 CompilerThread2" daemon [_thread_blocked, id=14556, stack(0x00000000203f0000,0x00000000204f0000)]
  0x000000001fe68800 JavaThread "C2 CompilerThread1" daemon [_thread_blocked, id=856, stack(0x00000000202f0000,0x00000000203f0000)]
  0x000000001fe09000 JavaThread "C2 CompilerThread0" daemon [_thread_blocked, id=8884, stack(0x00000000201f0000,0x00000000202f0000)]
  0x000000001fe07800 JavaThread "Monitor Ctrl-Break" daemon [_thread_in_native, id=11476, stack(0x00000000200f0000,0x00000000201f0000)]
  0x000000001e580000 JavaThread "Attach Listener" daemon [_thread_blocked, id=14928, stack(0x000000001fbf0000,0x000000001fcf0000)]
  0x000000001e57e800 JavaThread "Signal Dispatcher" daemon [_thread_blocked, id=14252, stack(0x000000001faf0000,0x000000001fbf0000)]
  0x000000001e56e800 JavaThread "Finalizer" daemon [_thread_blocked, id=10112, stack(0x000000001f7d0000,0x000000001f8d0000)]
  0x0000000004f25000 JavaThread "Reference Handler" daemon [_thread_blocked, id=7000, stack(0x000000001f6d0000,0x000000001f7d0000)]
=>0x0000000004e35000 JavaThread "main" [_thread_in_native, id=14636, stack(0x0000000004b20000,0x0000000004c20000)]

Other Threads:
  0x000000001e547000 VMThread [stack: 0x000000001f5d0000,0x000000001f6d0000] [id=7108]
  0x000000001ff96000 WatcherThread [stack: 0x00000000205f0000,0x00000000206f0000] [id=11852]

VM state:not at safepoint (normal execution)

VM Mutex/Monitor currently owned by a thread: None

Heap:
 PSYoungGen      total 70144K, used 14549K [0x000000076af80000, 0x000000076ff80000, 0x00000007c0000000)
  eden space 60416K, 23% used [0x000000076af80000,0x000000076bd9d690,0x000000076ea80000)
  from space 9728K, 0% used [0x000000076f600000,0x000000076f618000,0x000000076ff80000)
  to   space 10752K, 0% used [0x000000076ea80000,0x000000076ea80000,0x000000076f500000)
 ParOldGen       total 175104K, used 5242K [0x00000006c0e00000, 0x00000006cb900000, 0x000000076af80000)
  object space 175104K, 2% used [0x00000006c0e00000,0x00000006c131eba8,0x00000006cb900000)
 Metaspace       used 18221K, capacity 18713K, committed 18944K, reserved 1067008K
  class space    used 1758K, capacity 1924K, committed 2048K, reserved 1048576K

Card table byte_map: [0x00000000142f0000,0x0000000014af0000] byte_map_base: 0x0000000010ce9000

Marking Bits: (ParMarkBitMap*) 0x000000005a8bd850
 Begin Bits: [0x0000000015450000, 0x0000000019418000)
 End Bits:   [0x0000000019418000, 0x000000001d3e0000)

Polling page: 0x0000000002e80000

CodeCache: size=245760Kb used=10227Kb max_used=10239Kb free=235532Kb
 bounds [0x0000000004f30000, 0x0000000005940000, 0x0000000013f30000]
 total_blobs=3917 nmethods=2896 adapters=933
 compilation: enabled

Compilation events (10 events):
Event: 20.746 Thread 0x000000001fec5000 2910       3       java.lang.Math::max (12 bytes)
Event: 20.747 Thread 0x000000001fec5000 nmethod 2910 0x000000000507a810 code [0x000000000507a960, 0x000000000507aaf0]
Event: 20.750 Thread 0x000000001fec5000 2911       3       com.jme3.input.InputManager::computeAnalogValue (32 bytes)
Event: 20.750 Thread 0x000000001fec5000 nmethod 2911 0x0000000005932610 code [0x00000000059327a0, 0x0000000005932b10]
Event: 20.750 Thread 0x000000001fec5000 2912       3       com.game.plate.JoystickAnalog::onAnalog (132 bytes)
Event: 20.750 Thread 0x000000001fec5000 nmethod 2912 0x000000000503c550 code [0x000000000503c7a0, 0x000000000503d1b8]
Event: 20.751 Thread 0x000000001fec5000 2913       3       com.jme3.bullet.objects.PhysicsCharacter::onGround (9 bytes)
Event: 20.751 Thread 0x000000001fec5000 nmethod 2913 0x00000000058e0950 code [0x00000000058e0ac0, 0x00000000058e0c48]
Event: 23.765 Thread 0x000000001fe09000 2915       4       java.util.concurrent.ConcurrentLinkedQueue$Itr::advance (123 bytes)
Event: 23.766 Thread 0x000000001fe09000 nmethod 2915 0x00000000050618d0 code [0x0000000005061a20, 0x0000000005061b98]

GC Heap History (10 events):
Event: 14.360 GC heap before
{Heap before GC invocations=4 (full 0):
 PSYoungGen      total 76288K, used 70778K [0x000000076af80000, 0x0000000770480000, 0x00000007c0000000)
  eden space 65536K, 100% used [0x000000076af80000,0x000000076ef80000,0x000000076ef80000)
  from space 10752K, 48% used [0x000000076ef80000,0x000000076f49e870,0x000000076fa00000)
  to   space 10752K, 0% used [0x000000076fa00000,0x000000076fa00000,0x0000000770480000)
 ParOldGen       total 175104K, used 32K [0x00000006c0e00000, 0x00000006cb900000, 0x000000076af80000)
  object space 175104K, 0% used [0x00000006c0e00000,0x00000006c0e08000,0x00000006cb900000)
 Metaspace       used 18215K, capacity 18713K, committed 18944K, reserved 1067008K
  class space    used 1757K, capacity 1924K, committed 2048K, reserved 1048576K
Event: 14.364 GC heap after
Heap after GC invocations=4 (full 0):
 PSYoungGen      total 76288K, used 5304K [0x000000076af80000, 0x0000000770480000, 0x00000007c0000000)
  eden space 65536K, 0% used [0x000000076af80000,0x000000076af80000,0x000000076ef80000)
  from space 10752K, 49% used [0x000000076fa00000,0x000000076ff2e018,0x0000000770480000)
  to   space 10752K, 0% used [0x000000076ef80000,0x000000076ef80000,0x000000076fa00000)
 ParOldGen       total 175104K, used 40K [0x00000006c0e00000, 0x00000006cb900000, 0x000000076af80000)
  object space 175104K, 0% used [0x00000006c0e00000,0x00000006c0e0a000,0x00000006cb900000)
 Metaspace       used 18215K, capacity 18713K, committed 18944K, reserved 1067008K
  class space    used 1757K, capacity 1924K, committed 2048K, reserved 1048576K
}
Event: 18.419 GC heap before
{Heap before GC invocations=5 (full 0):
 PSYoungGen      total 76288K, used 70840K [0x000000076af80000, 0x0000000770480000, 0x00000007c0000000)
  eden space 65536K, 100% used [0x000000076af80000,0x000000076ef80000,0x000000076ef80000)
  from space 10752K, 49% used [0x000000076fa00000,0x000000076ff2e018,0x0000000770480000)
  to   space 10752K, 0% used [0x000000076ef80000,0x000000076ef80000,0x000000076fa00000)
 ParOldGen       total 175104K, used 40K [0x00000006c0e00000, 0x00000006cb900000, 0x000000076af80000)
  object space 175104K, 0% used [0x00000006c0e00000,0x00000006c0e0a000,0x00000006cb900000)
 Metaspace       used 18215K, capacity 18713K, committed 18944K, reserved 1067008K
  class space    used 1757K, capacity 1924K, committed 2048K, reserved 1048576K
Event: 18.423 GC heap after
Heap after GC invocations=5 (full 0):
 PSYoungGen      total 69632K, used 5289K [0x000000076af80000, 0x0000000770200000, 0x00000007c0000000)
  eden space 64000K, 0% used [0x000000076af80000,0x000000076af80000,0x000000076ee00000)
  from space 5632K, 93% used [0x000000076ef80000,0x000000076f4aa420,0x000000076f500000)
  to   space 10240K, 0% used [0x000000076f800000,0x000000076f800000,0x0000000770200000)
 ParOldGen       total 175104K, used 40K [0x00000006c0e00000, 0x00000006cb900000, 0x000000076af80000)
  object space 175104K, 0% used [0x00000006c0e00000,0x00000006c0e0a000,0x00000006cb900000)
 Metaspace       used 18215K, capacity 18713K, committed 18944K, reserved 1067008K
  class space    used 1757K, capacity 1924K, committed 2048K, reserved 1048576K
}
Event: 21.453 GC heap before
{Heap before GC invocations=6 (full 0):
 PSYoungGen      total 69632K, used 69289K [0x000000076af80000, 0x0000000770200000, 0x00000007c0000000)
  eden space 64000K, 100% used [0x000000076af80000,0x000000076ee00000,0x000000076ee00000)
  from space 5632K, 93% used [0x000000076ef80000,0x000000076f4aa420,0x000000076f500000)
  to   space 10240K, 0% used [0x000000076f800000,0x000000076f800000,0x0000000770200000)
 ParOldGen       total 175104K, used 40K [0x00000006c0e00000, 0x00000006cb900000, 0x000000076af80000)
  object space 175104K, 0% used [0x00000006c0e00000,0x00000006c0e0a000,0x00000006cb900000)
 Metaspace       used 18216K, capacity 18713K, committed 18944K, reserved 1067008K
  class space    used 1757K, capacity 1924K, committed 2048K, reserved 1048576K
Event: 21.456 GC heap after
Heap after GC invocations=6 (full 0):
 PSYoungGen      total 70144K, used 5321K [0x000000076af80000, 0x000000076ff80000, 0x00000007c0000000)
  eden space 62464K, 0% used [0x000000076af80000,0x000000076af80000,0x000000076ec80000)
  from space 7680K, 69% used [0x000000076f800000,0x000000076fd32420,0x000000076ff80000)
  to   space 9728K, 0% used [0x000000076ec80000,0x000000076ec80000,0x000000076f600000)
 ParOldGen       total 175104K, used 48K [0x00000006c0e00000, 0x00000006cb900000, 0x000000076af80000)
  object space 175104K, 0% used [0x00000006c0e00000,0x00000006c0e0c000,0x00000006cb900000)
 Metaspace       used 18216K, capacity 18713K, committed 18944K, reserved 1067008K
  class space    used 1757K, capacity 1924K, committed 2048K, reserved 1048576K
}
Event: 24.439 GC heap before
{Heap before GC invocations=7 (full 0):
 PSYoungGen      total 70144K, used 67785K [0x000000076af80000, 0x000000076ff80000, 0x00000007c0000000)
  eden space 62464K, 100% used [0x000000076af80000,0x000000076ec80000,0x000000076ec80000)
  from space 7680K, 69% used [0x000000076f800000,0x000000076fd32420,0x000000076ff80000)
  to   space 9728K, 0% used [0x000000076ec80000,0x000000076ec80000,0x000000076f600000)
 ParOldGen       total 175104K, used 48K [0x00000006c0e00000, 0x00000006cb900000, 0x000000076af80000)
  object space 175104K, 0% used [0x00000006c0e00000,0x00000006c0e0c000,0x00000006cb900000)
 Metaspace       used 18216K, capacity 18713K, committed 18944K, reserved 1067008K
  class space    used 1757K, capacity 1924K, committed 2048K, reserved 1048576K
Event: 24.443 GC heap after
Heap after GC invocations=7 (full 0):
 PSYoungGen      total 71168K, used 128K [0x000000076af80000, 0x0000000770080000, 0x00000007c0000000)
  eden space 61440K, 0% used [0x000000076af80000,0x000000076af80000,0x000000076eb80000)
  from space 9728K, 1% used [0x000000076ec80000,0x000000076eca0000,0x000000076f600000)
  to   space 10752K, 0% used [0x000000076f600000,0x000000076f600000,0x0000000770080000)
 ParOldGen       total 175104K, used 5218K [0x00000006c0e00000, 0x00000006cb900000, 0x000000076af80000)
  object space 175104K, 2% used [0x00000006c0e00000,0x00000006c1318ba8,0x00000006cb900000)
 Metaspace       used 18216K, capacity 18713K, committed 18944K, reserved 1067008K
  class space    used 1757K, capacity 1924K, committed 2048K, reserved 1048576K
}
Event: 28.967 GC heap before
{Heap before GC invocations=8 (full 0):
 PSYoungGen      total 71168K, used 61568K [0x000000076af80000, 0x0000000770080000, 0x00000007c0000000)
  eden space 61440K, 100% used [0x000000076af80000,0x000000076eb80000,0x000000076eb80000)
  from space 9728K, 1% used [0x000000076ec80000,0x000000076eca0000,0x000000076f600000)
  to   space 10752K, 0% used [0x000000076f600000,0x000000076f600000,0x0000000770080000)
 ParOldGen       total 175104K, used 5218K [0x00000006c0e00000, 0x00000006cb900000, 0x000000076af80000)
  object space 175104K, 2% used [0x00000006c0e00000,0x00000006c1318ba8,0x00000006cb900000)
 Metaspace       used 18216K, capacity 18713K, committed 18944K, reserved 1067008K
  class space    used 1757K, capacity 1924K, committed 2048K, reserved 1048576K
Event: 28.968 GC heap after
Heap after GC invocations=8 (full 0):
 PSYoungGen      total 70144K, used 96K [0x000000076af80000, 0x000000076ff80000, 0x00000007c0000000)
  eden space 60416K, 0% used [0x000000076af80000,0x000000076af80000,0x000000076ea80000)
  from space 9728K, 0% used [0x000000076f600000,0x000000076f618000,0x000000076ff80000)
  to   space 10752K, 0% used [0x000000076ea80000,0x000000076ea80000,0x000000076f500000)
 ParOldGen       total 175104K, used 5242K [0x00000006c0e00000, 0x00000006cb900000, 0x000000076af80000)
  object space 175104K, 2% used [0x00000006c0e00000,0x00000006c131eba8,0x00000006cb900000)
 Metaspace       used 18216K, capacity 18713K, committed 18944K, reserved 1067008K
  class space    used 1757K, capacity 1924K, committed 2048K, reserved 1048576K
}

Deoptimization events (10 events):
Event: 9.471 Thread 0x0000000004e35000 Uncommon trap: reason=unstable_if action=reinterpret pc=0x0000000005718584 method=com.jme3.bounding.BoundingBox.whichSide(Lcom/jme3/math/Plane;)Lcom/jme3/math/Plane$Side; @ 61
Event: 9.471 Thread 0x0000000004e35000 Uncommon trap: reason=unstable_if action=reinterpret pc=0x00000000055a569c method=com.jme3.bounding.BoundingBox.whichSide(Lcom/jme3/math/Plane;)Lcom/jme3/math/Plane$Side; @ 61
Event: 9.472 Thread 0x0000000004e35000 Uncommon trap: reason=unstable_if action=reinterpret pc=0x0000000005523540 method=com.jme3.bounding.BoundingBox.whichSide(Lcom/jme3/math/Plane;)Lcom/jme3/math/Plane$Side; @ 61
Event: 10.049 Thread 0x0000000004e35000 Uncommon trap: reason=unstable_if action=reinterpret pc=0x00000000058745e4 method=java.lang.StrictMath.floorOrCeil(DDDD)D @ 24
Event: 10.050 Thread 0x0000000004e35000 Uncommon trap: reason=unstable_if action=reinterpret pc=0x0000000005843468 method=java.lang.StrictMath.floorOrCeil(DDDD)D @ 24
Event: 10.417 Thread 0x0000000004e35000 Uncommon trap: reason=unstable_if action=reinterpret pc=0x000000000569dfac method=com.jme3.bounding.BoundingBox.whichSide(Lcom/jme3/math/Plane;)Lcom/jme3/math/Plane$Side; @ 61
Event: 10.417 Thread 0x0000000004e35000 Uncommon trap: reason=unstable_if action=reinterpret pc=0x00000000058e64ac method=com.jme3.shadow.ShadowUtil.addGeometriesInCamFrustumFromNode(Lcom/jme3/renderer/Camera;Lcom/jme3/scene/Node;Lcom/jme3/renderer/queue/RenderQueue$ShadowMode;Lcom/jme3/rendere
Event: 18.650 Thread 0x0000000004e35000 Uncommon trap: reason=unstable_if action=reinterpret pc=0x00000000058a973c method=com.jme3.input.InputManager.onJoyAxisEventQueued(Lcom/jme3/input/event/JoyAxisEvent;)V @ 297
Event: 29.571 Thread 0x0000000004e35000 Uncommon trap: reason=unstable_if action=reinterpret pc=0x00000000058d0ec0 method=java.util.AbstractCollection.isEmpty()Z @ 4
Event: 29.571 Thread 0x0000000004e35000 Uncommon trap: reason=unstable_if action=reinterpret pc=0x00000000058b9304 method=com.jme3.input.InputManager.processQueue()V @ 110

Internal exceptions (10 events):
Event: 1.103 Thread 0x0000000004e35000 Exception <a 'java/security/PrivilegedActionException'> (0x000000076d386400) thrown at [C:\re\workspace\8-2-build-windows-amd64-cygwin\jdk8u151\9699\hotspot\src\share\vm\prims\jvm.cpp, line 1390]
Event: 1.103 Thread 0x0000000004e35000 Exception <a 'java/security/PrivilegedActionException'> (0x000000076d3867f8) thrown at [C:\re\workspace\8-2-build-windows-amd64-cygwin\jdk8u151\9699\hotspot\src\share\vm\prims\jvm.cpp, line 1390]
Event: 1.206 Thread 0x0000000004e35000 Exception <a 'java/security/PrivilegedActionException'> (0x000000076dd74128) thrown at [C:\re\workspace\8-2-build-windows-amd64-cygwin\jdk8u151\9699\hotspot\src\share\vm\prims\jvm.cpp, line 1390]
Event: 1.206 Thread 0x0000000004e35000 Exception <a 'java/security/PrivilegedActionException'> (0x000000076dd74520) thrown at [C:\re\workspace\8-2-build-windows-amd64-cygwin\jdk8u151\9699\hotspot\src\share\vm\prims\jvm.cpp, line 1390]
Event: 1.238 Thread 0x0000000004e35000 Exception <a 'java/security/PrivilegedActionException'> (0x000000076de093c8) thrown at [C:\re\workspace\8-2-build-windows-amd64-cygwin\jdk8u151\9699\hotspot\src\share\vm\prims\jvm.cpp, line 1390]
Event: 1.238 Thread 0x0000000004e35000 Exception <a 'java/security/PrivilegedActionException'> (0x000000076de097c0) thrown at [C:\re\workspace\8-2-build-windows-amd64-cygwin\jdk8u151\9699\hotspot\src\share\vm\prims\jvm.cpp, line 1390]
Event: 1.268 Thread 0x0000000004e35000 Exception <a 'java/io/FileNotFoundException'> (0x000000076e0e61b0) thrown at [C:\re\workspace\8-2-build-windows-amd64-cygwin\jdk8u151\9699\hotspot\src\share\vm\prims\jni.cpp, line 709]
Event: 1.321 Thread 0x0000000004e35000 Exception <a 'java/lang/NoClassDefFoundError': org/slf4j/impl/StaticLoggerBinder> (0x000000076e6cdcd0) thrown at [C:\re\workspace\8-2-build-windows-amd64-cygwin\jdk8u151\9699\hotspot\src\share\vm\classfile\systemDictionary.cpp, line 199]
Event: 1.448 Thread 0x0000000004e35000 Exception <a 'java/security/PrivilegedActionException'> (0x000000076b2df4e8) thrown at [C:\re\workspace\8-2-build-windows-amd64-cygwin\jdk8u151\9699\hotspot\src\share\vm\prims\jvm.cpp, line 1390]
Event: 1.448 Thread 0x0000000004e35000 Exception <a 'java/security/PrivilegedActionException'> (0x000000076b2df8e0) thrown at [C:\re\workspace\8-2-build-windows-amd64-cygwin\jdk8u151\9699\hotspot\src\share\vm\prims\jvm.cpp, line 1390]

Events (10 events):
Event: 28.967 Executing VM operation: ParallelGCFailedAllocation
Event: 28.968 Executing VM operation: ParallelGCFailedAllocation done
Event: 29.570 loading class com/jme3/input/lwjgl/GlfwKeyMap
Event: 29.570 loading class com/jme3/input/lwjgl/GlfwKeyMap done
Event: 29.571 Thread 0x0000000004e35000 Uncommon trap: trap_request=0xffffff65 fr.pc=0x00000000058d0ec0
Event: 29.571 Thread 0x0000000004e35000 DEOPT PACKING pc=0x00000000058d0ec0 sp=0x0000000004c1e220
Event: 29.571 Thread 0x0000000004e35000 DEOPT UNPACKING pc=0x0000000004f7582a sp=0x0000000004c1dfd8 mode 2
Event: 29.571 Thread 0x0000000004e35000 Uncommon trap: trap_request=0xffffff65 fr.pc=0x00000000058b9304
Event: 29.571 Thread 0x0000000004e35000 DEOPT PACKING pc=0x00000000058b9304 sp=0x0000000004c1e020
Event: 29.571 Thread 0x0000000004e35000 DEOPT UNPACKING pc=0x0000000004f7582a sp=0x0000000004c1dfe8 mode 2


Dynamic libraries:
0x00007ff611fb0000 - 0x00007ff611fe7000 	C:\Program Files\Java\jdk1.8.0_151\bin\java.exe
0x00007ff912780000 - 0x00007ff912960000 	C:\WINDOWS\SYSTEM32\ntdll.dll
0x00007ff9126a0000 - 0x00007ff91274e000 	C:\WINDOWS\System32\KERNEL32.DLL
0x00007ff90f100000 - 0x00007ff90f366000 	C:\WINDOWS\System32\KERNELBASE.dll
0x00007ff90fc50000 - 0x00007ff90fcf1000 	C:\WINDOWS\System32\ADVAPI32.dll
0x00007ff9106d0000 - 0x00007ff91076d000 	C:\WINDOWS\System32\msvcrt.dll
0x00007ff910120000 - 0x00007ff91017b000 	C:\WINDOWS\System32\sechost.dll
0x00007ff9104d0000 - 0x00007ff9105ef000 	C:\WINDOWS\System32\RPCRT4.dll
0x00007ff912060000 - 0x00007ff9121ef000 	C:\WINDOWS\System32\USER32.dll
0x00007ff90ed20000 - 0x00007ff90ed40000 	C:\WINDOWS\System32\win32u.dll
0x00007ff9106a0000 - 0x00007ff9106c8000 	C:\WINDOWS\System32\GDI32.dll
0x00007ff90ed90000 - 0x00007ff90ef23000 	C:\WINDOWS\System32\gdi32full.dll
0x00007ff90eb80000 - 0x00007ff90ec1b000 	C:\WINDOWS\System32\msvcp_win.dll
0x00007ff90ec20000 - 0x00007ff90ed16000 	C:\WINDOWS\System32\ucrtbase.dll
0x00007ff903190000 - 0x00007ff9033f9000 	C:\WINDOWS\WinSxS\amd64_microsoft.windows.common-controls_6595b64144ccf1df_6.0.16299.192_none_15c8cdae9364c23b\COMCTL32.dll
0x00007ff90fd00000 - 0x00007ff910008000 	C:\WINDOWS\System32\combase.dll
0x00007ff90fac0000 - 0x00007ff90fb32000 	C:\WINDOWS\System32\bcryptPrimitives.dll
0x00007ff9104a0000 - 0x00007ff9104cd000 	C:\WINDOWS\System32\IMM32.DLL
0x000000005b290000 - 0x000000005b362000 	C:\Program Files\Java\jdk1.8.0_151\jre\bin\msvcr100.dll
0x000000005a0a0000 - 0x000000005a93d000 	C:\Program Files\Java\jdk1.8.0_151\jre\bin\server\jvm.dll
0x00007ff9125c0000 - 0x00007ff9125c8000 	C:\WINDOWS\System32\PSAPI.DLL
0x00007ff904b10000 - 0x00007ff904b19000 	C:\WINDOWS\SYSTEM32\WSOCK32.dll
0x00007ff910610000 - 0x00007ff91067c000 	C:\WINDOWS\System32\WS2_32.dll
0x00007ff909b20000 - 0x00007ff909b2a000 	C:\WINDOWS\SYSTEM32\VERSION.dll
0x00007ff90cea0000 - 0x00007ff90cec3000 	C:\WINDOWS\SYSTEM32\WINMM.dll
0x00007ff90cd30000 - 0x00007ff90cd5a000 	C:\WINDOWS\SYSTEM32\WINMMBASE.dll
0x00007ff90ed40000 - 0x00007ff90ed8a000 	C:\WINDOWS\System32\cfgmgr32.dll
0x000000005f660000 - 0x000000005f66f000 	C:\Program Files\Java\jdk1.8.0_151\jre\bin\verify.dll
0x000000005f630000 - 0x000000005f659000 	C:\Program Files\Java\jdk1.8.0_151\jre\bin\java.dll
0x000000005a070000 - 0x000000005a093000 	C:\Program Files\Java\jdk1.8.0_151\jre\bin\instrument.dll
0x000000005f5f0000 - 0x000000005f606000 	C:\Program Files\Java\jdk1.8.0_151\jre\bin\zip.dll
0x00007ff910c20000 - 0x00007ff912056000 	C:\WINDOWS\System32\SHELL32.dll
0x00007ff910180000 - 0x00007ff910226000 	C:\WINDOWS\System32\shcore.dll
0x00007ff90f370000 - 0x00007ff90fab7000 	C:\WINDOWS\System32\windows.storage.dll
0x00007ff910230000 - 0x00007ff910281000 	C:\WINDOWS\System32\shlwapi.dll
0x00007ff90eb40000 - 0x00007ff90eb51000 	C:\WINDOWS\System32\kernel.appcore.dll
0x00007ff90eaf0000 - 0x00007ff90eb3c000 	C:\WINDOWS\System32\powrprof.dll
0x00007ff90ead0000 - 0x00007ff90eaeb000 	C:\WINDOWS\System32\profapi.dll
0x00007ff8fe2b0000 - 0x00007ff8fe2ca000 	C:\Program Files\JetBrains\IntelliJ IDEA Community Edition 2017.3.3\bin\breakgen64.dll
0x000000005f560000 - 0x000000005f57a000 	C:\Program Files\Java\jdk1.8.0_151\jre\bin\net.dll
0x00007ff90e360000 - 0x00007ff90e3c6000 	C:\WINDOWS\system32\mswsock.dll
0x0000000003340000 - 0x0000000003343000 	C:\Program Files\Java\jdk1.8.0_151\jre\bin\api-ms-win-core-console-l1-1-0.dll
0x0000000003350000 - 0x0000000003353000 	C:\Program Files\Java\jdk1.8.0_151\jre\bin\api-ms-win-core-datetime-l1-1-0.dll
0x0000000003360000 - 0x0000000003363000 	C:\Program Files\Java\jdk1.8.0_151\jre\bin\api-ms-win-core-debug-l1-1-0.dll
0x0000000004c20000 - 0x0000000004c23000 	C:\Program Files\Java\jdk1.8.0_151\jre\bin\api-ms-win-core-errorhandling-l1-1-0.dll
0x0000000004c30000 - 0x0000000004c34000 	C:\Program Files\Java\jdk1.8.0_151\jre\bin\api-ms-win-core-file-l1-1-0.dll
0x0000000004c40000 - 0x0000000004c43000 	C:\Program Files\Java\jdk1.8.0_151\jre\bin\api-ms-win-core-file-l1-2-0.dll
0x0000000004c50000 - 0x0000000004c53000 	C:\Program Files\Java\jdk1.8.0_151\jre\bin\api-ms-win-core-file-l2-1-0.dll
0x0000000004c60000 - 0x0000000004c63000 	C:\Program Files\Java\jdk1.8.0_151\jre\bin\api-ms-win-core-handle-l1-1-0.dll
0x0000000004c70000 - 0x0000000004c73000 	C:\Program Files\Java\jdk1.8.0_151\jre\bin\api-ms-win-core-heap-l1-1-0.dll
0x0000000004c80000 - 0x0000000004c83000 	C:\Program Files\Java\jdk1.8.0_151\jre\bin\api-ms-win-core-interlocked-l1-1-0.dll
0x0000000004c90000 - 0x0000000004c93000 	C:\Program Files\Java\jdk1.8.0_151\jre\bin\api-ms-win-core-libraryloader-l1-1-0.dll
0x0000000004cb0000 - 0x0000000004cb3000 	C:\Program Files\Java\jdk1.8.0_151\jre\bin\api-ms-win-core-localization-l1-2-0.dll
0x0000000004cc0000 - 0x0000000004cc3000 	C:\Program Files\Java\jdk1.8.0_151\jre\bin\api-ms-win-core-memory-l1-1-0.dll
0x0000000004cd0000 - 0x0000000004cd3000 	C:\Program Files\Java\jdk1.8.0_151\jre\bin\api-ms-win-core-namedpipe-l1-1-0.dll
0x0000000004ce0000 - 0x0000000004ce3000 	C:\Program Files\Java\jdk1.8.0_151\jre\bin\api-ms-win-core-processenvironment-l1-1-0.dll
0x0000000004e00000 - 0x0000000004e03000 	C:\Program Files\Java\jdk1.8.0_151\jre\bin\api-ms-win-core-processthreads-l1-1-0.dll
0x0000000004e10000 - 0x0000000004e13000 	C:\Program Files\Java\jdk1.8.0_151\jre\bin\api-ms-win-core-processthreads-l1-1-1.dll
0x0000000020ef0000 - 0x0000000020ef3000 	C:\Program Files\Java\jdk1.8.0_151\jre\bin\api-ms-win-core-profile-l1-1-0.dll
0x0000000020f00000 - 0x0000000020f03000 	C:\Program Files\Java\jdk1.8.0_151\jre\bin\api-ms-win-core-rtlsupport-l1-1-0.dll
0x0000000020f10000 - 0x0000000020f13000 	C:\Program Files\Java\jdk1.8.0_151\jre\bin\api-ms-win-core-string-l1-1-0.dll
0x0000000020f20000 - 0x0000000020f23000 	C:\Program Files\Java\jdk1.8.0_151\jre\bin\api-ms-win-core-synch-l1-1-0.dll
0x0000000020f30000 - 0x0000000020f33000 	C:\Program Files\Java\jdk1.8.0_151\jre\bin\api-ms-win-core-synch-l1-2-0.dll
0x0000000020f40000 - 0x0000000020f43000 	C:\Program Files\Java\jdk1.8.0_151\jre\bin\api-ms-win-core-sysinfo-l1-1-0.dll
0x0000000020f50000 - 0x0000000020f53000 	C:\Program Files\Java\jdk1.8.0_151\jre\bin\api-ms-win-core-timezone-l1-1-0.dll
0x0000000020f60000 - 0x0000000020f63000 	C:\Program Files\Java\jdk1.8.0_151\jre\bin\api-ms-win-core-util-l1-1-0.dll
0x0000000020f70000 - 0x0000000020f73000 	C:\Program Files\Java\jdk1.8.0_151\jre\bin\api-ms-win-crt-conio-l1-1-0.dll
0x0000000020f80000 - 0x0000000020f84000 	C:\Program Files\Java\jdk1.8.0_151\jre\bin\api-ms-win-crt-convert-l1-1-0.dll
0x0000000020f90000 - 0x0000000020f93000 	C:\Program Files\Java\jdk1.8.0_151\jre\bin\api-ms-win-crt-environment-l1-1-0.dll
0x0000000020fa0000 - 0x0000000020fa3000 	C:\Program Files\Java\jdk1.8.0_151\jre\bin\api-ms-win-crt-filesystem-l1-1-0.dll
0x0000000020fb0000 - 0x0000000020fb3000 	C:\Program Files\Java\jdk1.8.0_151\jre\bin\api-ms-win-crt-heap-l1-1-0.dll
0x0000000020fc0000 - 0x0000000020fc3000 	C:\Program Files\Java\jdk1.8.0_151\jre\bin\api-ms-win-crt-locale-l1-1-0.dll
0x0000000020fd0000 - 0x0000000020fd5000 	C:\Program Files\Java\jdk1.8.0_151\jre\bin\api-ms-win-crt-math-l1-1-0.dll
0x0000000020fe0000 - 0x0000000020fe5000 	C:\Program Files\Java\jdk1.8.0_151\jre\bin\api-ms-win-crt-multibyte-l1-1-0.dll
0x0000000020ff0000 - 0x0000000021000000 	C:\Program Files\Java\jdk1.8.0_151\jre\bin\api-ms-win-crt-private-l1-1-0.dll
0x0000000021000000 - 0x0000000021003000 	C:\Program Files\Java\jdk1.8.0_151\jre\bin\api-ms-win-crt-process-l1-1-0.dll
0x0000000021010000 - 0x0000000021014000 	C:\Program Files\Java\jdk1.8.0_151\jre\bin\api-ms-win-crt-runtime-l1-1-0.dll
0x0000000021020000 - 0x0000000021024000 	C:\Program Files\Java\jdk1.8.0_151\jre\bin\api-ms-win-crt-stdio-l1-1-0.dll
0x0000000021030000 - 0x0000000021034000 	C:\Program Files\Java\jdk1.8.0_151\jre\bin\api-ms-win-crt-string-l1-1-0.dll
0x0000000021040000 - 0x0000000021043000 	C:\Program Files\Java\jdk1.8.0_151\jre\bin\api-ms-win-crt-time-l1-1-0.dll
0x0000000021050000 - 0x0000000021053000 	C:\Program Files\Java\jdk1.8.0_151\jre\bin\api-ms-win-crt-utility-l1-1-0.dll
0x00007ff8fd250000 - 0x00007ff8fd346000 	C:\Program Files\Java\jdk1.8.0_151\jre\bin\ucrtbase.dll
0x00007ff8fcbd0000 - 0x00007ff8fcc21000 	C:\Program Files\Java\jdk1.8.0_151\jre\bin\concrt140.dll
0x00007ff8f39a0000 - 0x00007ff8f3a3f000 	C:\WINDOWS\SYSTEM32\MSVCP140.dll
0x00007ff8fce10000 - 0x00007ff8fce26000 	C:\WINDOWS\SYSTEM32\VCRUNTIME140.dll
0x00007ff8fcbb0000 - 0x00007ff8fcbc6000 	C:\Program Files\Java\jdk1.8.0_151\jre\bin\vcruntime140.dll
0x00007ff8f37a0000 - 0x00007ff8f383c000 	C:\Program Files\Java\jdk1.8.0_151\jre\bin\msvcp140.dll
0x000000005a040000 - 0x000000005a063000 	C:\Program Files\Java\jdk1.8.0_151\jre\bin\prism_d3d.dll
0x00007ff8e8bc0000 - 0x00007ff8e8d55000 	C:\WINDOWS\system32\d3d9.dll
0x00007ff90d380000 - 0x00007ff90d3aa000 	C:\WINDOWS\SYSTEM32\dwmapi.dll
0x00007ff90d0c0000 - 0x00007ff90d155000 	C:\WINDOWS\system32\uxtheme.dll
0x00007ff905e50000 - 0x00007ff905f3a000 	C:\WINDOWS\System32\DriverStore\FileRepository\nv_ref_pubwu.inf_amd64_2e7fa54192fe16d0\nvldumdx.dll
0x00007ff90ef30000 - 0x00007ff90f0fe000 	C:\WINDOWS\System32\crypt32.dll
0x00007ff90eb60000 - 0x00007ff90eb72000 	C:\WINDOWS\System32\MSASN1.dll
0x00007ff90fb40000 - 0x00007ff90fb98000 	C:\WINDOWS\System32\WINTRUST.DLL
0x00007ff9105f0000 - 0x00007ff91060d000 	C:\WINDOWS\System32\imagehlp.dll
0x00007ff90e520000 - 0x00007ff90e537000 	C:\WINDOWS\SYSTEM32\CRYPTSP.dll
0x00007ff90df70000 - 0x00007ff90dfa3000 	C:\WINDOWS\system32\rsaenh.dll
0x00007ff90e630000 - 0x00007ff90e655000 	C:\WINDOWS\SYSTEM32\bcrypt.dll
0x00007ff90e540000 - 0x00007ff90e54b000 	C:\WINDOWS\SYSTEM32\CRYPTBASE.dll
0x00007ff8cb060000 - 0x00007ff8cc236000 	C:\WINDOWS\System32\DriverStore\FileRepository\nv_ref_pubwu.inf_amd64_2e7fa54192fe16d0\nvd3dumx.dll
0x00007ff8fc800000 - 0x00007ff8fc9bd000 	C:\WINDOWS\system32\nvspcap64.dll
0x00007ff9121f0000 - 0x00007ff912339000 	C:\WINDOWS\System32\ole32.dll
0x00007ff90dc10000 - 0x00007ff90dc41000 	C:\WINDOWS\SYSTEM32\ntmarta.dll
0x0000000059ff0000 - 0x000000005a039000 	C:\Program Files\Java\jdk1.8.0_151\jre\bin\glass.dll
0x00007ff910010000 - 0x00007ff91011a000 	C:\WINDOWS\System32\COMDLG32.dll
0x00007ff9125d0000 - 0x00007ff912695000 	C:\WINDOWS\System32\OLEAUT32.dll
0x00007ff910330000 - 0x00007ff910497000 	C:\WINDOWS\System32\MSCTF.dll
0x00007ff903600000 - 0x00007ff9036eb000 	C:\Program Files (x86)\NVIDIA Corporation\3D Vision\nvSCPAPI64.dll
0x00007ff910770000 - 0x00007ff910bbe000 	C:\WINDOWS\System32\SETUPAPI.dll
0x00007ff8e3e40000 - 0x00007ff8e4058000 	C:\Users\thonon\IdeaProjects\PlateformGame\bulletjme.dll
0x000000005ea40000 - 0x000000005ea51000 	C:\Program Files\Java\jdk1.8.0_151\jre\bin\nio.dll
0x00007ff8ecaf0000 - 0x00007ff8ecb47000 	C:\Users\thonon\AppData\Local\Temp\lwjglthonon\3.1.2-build-29\lwjgl.dll
0x00007ff8f21a0000 - 0x00007ff8f21dc000 	C:\Users\thonon\AppData\Local\Temp\lwjglthonon\3.1.2-build-29\jemalloc.dll
0x00007ff8ec2c0000 - 0x00007ff8ec2fd000 	C:\Users\thonon\AppData\Local\Temp\lwjglthonon\3.1.2-build-29\glfw.dll
0x00007ff905b30000 - 0x00007ff905b73000 	C:\WINDOWS\SYSTEM32\dinput8.dll
0x00007ff900150000 - 0x00007ff900160000 	C:\WINDOWS\SYSTEM32\xinput1_4.dll
0x00007ff90e8e0000 - 0x00007ff90e907000 	C:\WINDOWS\SYSTEM32\DEVOBJ.dll
0x00007ff909640000 - 0x00007ff90966e000 	C:\WINDOWS\SYSTEM32\inputhost.dll
0x00007ff90c680000 - 0x00007ff90c75c000 	C:\WINDOWS\SYSTEM32\CoreMessaging.dll
0x00007ff909b30000 - 0x00007ff909e1e000 	C:\WINDOWS\SYSTEM32\CoreUIComponents.dll
0x00007ff90a860000 - 0x00007ff90a996000 	C:\WINDOWS\SYSTEM32\wintypes.dll
0x00007ff90d8b0000 - 0x00007ff90d8bc000 	C:\WINDOWS\SYSTEM32\HID.DLL
0x00007ff8e8d60000 - 0x00007ff8e8e7e000 	C:\WINDOWS\SYSTEM32\opengl32.dll
0x00007ff8f21e0000 - 0x00007ff8f220c000 	C:\WINDOWS\SYSTEM32\GLU32.dll
0x00000000572b0000 - 0x0000000059577000 	C:\WINDOWS\SYSTEM32\nvoglv64.DLL
0x00007ff90b170000 - 0x00007ff90b183000 	C:\WINDOWS\SYSTEM32\WTSAPI32.dll
0x00007ff90dc80000 - 0x00007ff90dcd5000 	C:\WINDOWS\SYSTEM32\WINSTA.dll

VM Arguments:
jvm_args: -javaagent:C:\Program Files\JetBrains\IntelliJ IDEA Community Edition 2017.3.3\lib\idea_rt.jar=49683:C:\Program Files\JetBrains\IntelliJ IDEA Community Edition 2017.3.3\bin -Dfile.encoding=UTF-8 
java_command: com.game.plate.Starter
java_class_path (initial): C:\Program Files\Java\jdk1.8.0_151\jre\lib\charsets.jar;C:\Program Files\Java\jdk1.8.0_151\jre\lib\deploy.jar;C:\Program Files\Java\jdk1.8.0_151\jre\lib\ext\access-bridge-64.jar;C:\Program Files\Java\jdk1.8.0_151\jre\lib\ext\cldrdata.jar;C:\Program Files\Java\jdk1.8.0_151\jre\lib\ext\dnsns.jar;C:\Program Files\Java\jdk1.8.0_151\jre\lib\ext\jaccess.jar;C:\Program Files\Java\jdk1.8.0_151\jre\lib\ext\jfxrt.jar;C:\Program Files\Java\jdk1.8.0_151\jre\lib\ext\localedata.jar;C:\Program Files\Java\jdk1.8.0_151\jre\lib\ext\nashorn.jar;C:\Program Files\Java\jdk1.8.0_151\jre\lib\ext\sunec.jar;C:\Program Files\Java\jdk1.8.0_151\jre\lib\ext\sunjce_provider.jar;C:\Program Files\Java\jdk1.8.0_151\jre\lib\ext\sunmscapi.jar;C:\Program Files\Java\jdk1.8.0_151\jre\lib\ext\sunpkcs11.jar;C:\Program Files\Java\jdk1.8.0_151\jre\lib\ext\zipfs.jar;C:\Program Files\Java\jdk1.8.0_151\jre\lib\javaws.jar;C:\Program Files\Java\jdk1.8.0_151\jre\lib\jce.jar;C:\Program Files\Java\jdk1.8.0_151\jre\lib\jfr.jar;C:\Program Files\Java\jdk1.8.0_151\jre\lib\jfxswt.jar;C:\Program Files\Java\jdk1.8.0_151\jre\lib\jsse.jar;C:\Program Files\Java\jdk1.8.0_151\jre\lib\management-agent.jar;C:\Program Files\Java\jdk1.8.0_151\jre\lib\plugin.jar;C:\Program Files\Java\jdk1.8.0_151\jre\lib\resources.jar;C:\Program Files\Java\jdk1.8.0_151\jre\lib\rt.jar;C:\Users\thonon\IdeaProjects\PlateformGame\out\production\classes;C:\Users\thonon\IdeaProjects\PlateformGame\out\production\resources;C:\Users\thonon\.gradle\caches\modules-2\files-2.1\org.jmonkeyengine\jme3-bullet-native\3.2.1-stable\9e37280adb92c5e630dd2147098291f70bc656bf\jme3-bullet-native-3.2.1-stable.jar;C:\Users\thonon\.gradle\caches\modules-2\files-2.1\com.github.JavaSaBr\jmonkeybuilder-extension\1.9.8\ad03874366fe1d697d6ea1fa015a9d6a8f976b99\jmonkeybuilder-extension-1.9.8.jar;C:\Users\thonon\.gradle\caches\modules-2\files-2.1\org.jmonkeyengine\jme3-bullet\3.2.1-stable\90a813795742425e147f596541d7eae4f3ccc81f\jme3-bullet-3.2.1-stable
Launcher Type: SUN_STANDARD

Environment Variables:
JAVA_HOME=C:\Program Files\Java\jdk1.8.0_151
PATH=C:\ProgramData\Oracle\Java\javapath;C:\Windows\system32;C:\Windows;C:\Windows\System32\Wbem;C:\Windows\System32\WindowsPowerShell\v1.0\;C:\Program Files (x86)\NVIDIA Corporation\PhysX\Common;C:\Program Files\Git\cmd;C:\Users\thonon\Downloads\apache-ant-1.10.1-bin\apache-ant-1.10.1\bin;C:\Program Files (x86)\GtkSharp\2.12\bin;C:\Users\thonon\Downloads\gradle-4.3\bin;;%SystemRoot%\system32;%SystemRoot%;%SystemRoot%\System32\Wbem;%SYSTEMROOT%\System32\WindowsPowerShell\v1.0\;C:\Users\thonon\AppData\Local\Microsoft\WindowsApps;
USERNAME=thonon
OS=Windows_NT
PROCESSOR_IDENTIFIER=Intel64 Family 6 Model 158 Stepping 9, GenuineIntel



---------------  S Y S T E M  ---------------

OS: Windows 10.0 , 64 bit Build 16299 (10.0.16299.15)

CPU:total 4 (initial active 4) (4 cores per cpu, 1 threads per core) family 6 model 158 stepping 9, cmov, cx8, fxsr, mmx, sse, sse2, sse3, ssse3, sse4.1, sse4.2, popcnt, avx, avx2, aes, clmul, erms, rtm, 3dnowpref, lzcnt, tsc, tscinvbit, bmi1, bmi2, adx

Memory: 4k page, physical 16719060k(8424028k free), swap 19209428k(7862720k free)

vm_info: Java HotSpot(TM) 64-Bit Server VM (25.151-b12) for windows-amd64 JRE (1.8.0_151-b12), built on Sep  5 2017 19:33:46 by "java_re" with MS VC++ 10.0 (VS2010)

time: Mon Feb 12 22:56:27 2018
elapsed time: 29 seconds (0d 0h 0m 29s)

